<?xml version="1.0" encoding="UTF-8"?>
<testsuite name="Pruebas Puntos Colombia" tests="2" skipped="0" failures="0" errors="0" timestamp="2024-11-07T19:18:56" hostname="SCK22" time="28.525">
  <properties/>
  <testcase name="CPLA001 Login User Locked" classname="Pruebas Puntos Colombia" time="8.511"/>
  <testcase name="CPLA002 Compra Exitosa" classname="Pruebas Puntos Colombia" time="20.007"/>
  <system-out><![CDATA[]]></system-out>
  <system-err><![CDATA[nov 07, 2024 2:18:57 PM org.openqa.selenium.remote.DesiredCapabilities chrome
INFORMACIÓN: Using `new ChromeOptions()` is preferred to `DesiredCapabilities.chrome()`
[Test worker] INFO net.serenitybdd.core.webdriver.driverproviders.ProvideNewDriver - Instantiating driver
[Test worker] INFO net.serenitybdd.core.webdriver.driverproviders.ProvideNewDriver - Driver capabilities: Capabilities {acceptInsecureCerts: false, browserName: chrome, chrome.switches: --start-maximized --disable..., goog:chromeOptions: {args: [--start-maximized, --disable-popup-blocking, --ignore-certificate-errors], extensions: []}, loggingPrefs: org.openqa.selenium.logging..., platform: ANY, version: }
Starting ChromeDriver 130.0.6723.93 (dbcf0550c05ee0bd99b0349268818840f4b48136-refs/branch-heads/6723@{#1519}) on port 21685
Only local connections are allowed.
Please see https://chromedriver.chromium.org/security-considerations for suggestions on keeping ChromeDriver safe.
ChromeDriver was started successfully on port 21685.
nov 07, 2024 2:18:58 PM org.openqa.selenium.remote.ProtocolHandshake createSession
INFORMACIÓN: Detected dialect: W3C
[Test worker] INFO net.thucydides.core.steps.ConsoleLoggingListener - 
        __    _____ _____ ____ _____   ____   _    ____  ____  _____ ____  
  _     \ \  |_   _| ____/ ___|_   _| |  _ \ / \  / ___|/ ___|| ____|  _ \ 
 (_)_____| |   | | |  _| \___ \ | |   | |_) / _ \ \___ \\___ \|  _| | | | |
  _|_____| |   | | | |___ ___) || |   |  __/ ___ \ ___) |___) | |___| |_| |
 (_)     | |   |_| |_____|____/ |_|   |_| /_/   \_\____/|____/|_____|____/ 
        /_/                                                                

TEST PASSED: CPLA001 Login User Locked
----------------------------------------------------------------------------
nov 07, 2024 2:19:05 PM org.openqa.selenium.remote.DesiredCapabilities chrome
INFORMACIÓN: Using `new ChromeOptions()` is preferred to `DesiredCapabilities.chrome()`
[Test worker] INFO net.serenitybdd.core.webdriver.driverproviders.ProvideNewDriver - Instantiating driver
[Test worker] INFO net.serenitybdd.core.webdriver.driverproviders.ProvideNewDriver - Driver capabilities: Capabilities {acceptInsecureCerts: false, browserName: chrome, chrome.switches: --start-maximized --disable..., goog:chromeOptions: {args: [--start-maximized, --disable-popup-blocking, --ignore-certificate-errors], extensions: []}, loggingPrefs: org.openqa.selenium.logging..., platform: ANY, version: }
Starting ChromeDriver 130.0.6723.93 (dbcf0550c05ee0bd99b0349268818840f4b48136-refs/branch-heads/6723@{#1519}) on port 13111
Only local connections are allowed.
Please see https://chromedriver.chromium.org/security-considerations for suggestions on keeping ChromeDriver safe.
ChromeDriver was started successfully on port 13111.
nov 07, 2024 2:19:06 PM org.openqa.selenium.remote.ProtocolHandshake createSession
INFORMACIÓN: Detected dialect: W3C
[Test worker] INFO net.thucydides.core.steps.ConsoleLoggingListener - 
        __    _____ _____ ____ _____   ____   _    ____  ____  _____ ____  
  _     \ \  |_   _| ____/ ___|_   _| |  _ \ / \  / ___|/ ___|| ____|  _ \ 
 (_)_____| |   | | |  _| \___ \ | |   | |_) / _ \ \___ \\___ \|  _| | | | |
  _|_____| |   | | | |___ ___) || |   |  __/ ___ \ ___) |___) | |___| |_| |
 (_)     | |   |_| |_____|____/ |_|   |_| /_/   \_\____/|____/|_____|____/ 
        /_/                                                                

TEST PASSED: CPLA002 Compra Exitosa
----------------------------------------------------------------------------
]]></system-err>
</testsuite>
